[NX v21.4.0 Daemon Server] - 2025-08-20T22:08:32.185Z - Started listening on: /tmp/f4625dc5d7996df8c96f/d.sock
[NX v21.4.0 Daemon Server] - 2025-08-20T22:08:32.187Z - [WATCHER]: Subscribed to changes within: /home/kevin/software/srcds-websocket-workspace (native)
[NX v21.4.0 Daemon Server] - 2025-08-20T22:08:32.197Z - Established a connection. Number of open connections: 1
[NX v21.4.0 Daemon Server] - 2025-08-20T22:08:32.198Z - Established a connection. Number of open connections: 2
[NX v21.4.0 Daemon Server] - 2025-08-20T22:08:32.200Z - Closed a connection. Number of open connections: 1
[NX v21.4.0 Daemon Server] - 2025-08-20T22:08:32.201Z - [REQUEST]: Client Request for Project Graph Received
Time for 'plugin worker 27497 code loading' 10.513192999999998
Time for 'plugin worker 27500 code loading' 8.269001
Time for 'plugin worker 27507 code loading' 9.653695000000003
Time for 'plugin worker 27498 code loading' 7.123355000000004
Time for 'plugin worker 27522 code loading' 7.619069
Time for 'plugin worker 27516 code loading' 8.177
Time for 'plugin worker 27528 code loading' 12.150935999999998
[NX v21.4.0 Daemon Server] - 2025-08-20T22:08:32.457Z - Time taken for 'Load Nx Plugin: /home/kevin/software/srcds-websocket-workspace/node_modules/nx/src/plugins/package-json' 252.50006399999998ms
[NX v21.4.0 Daemon Server] - 2025-08-20T22:08:32.472Z - Time taken for 'Load Nx Plugin: /home/kevin/software/srcds-websocket-workspace/node_modules/nx/src/plugins/project-json/build-nodes/project-json' 267.644657ms
[NX v21.4.0 Daemon Server] - 2025-08-20T22:08:32.499Z - Time taken for 'loadDefaultNxPlugins' 295.05332999999996ms
[NX v21.4.0 Daemon Server] - 2025-08-20T22:08:32.531Z - Time taken for 'Load Nx Plugin: @nx/eslint/plugin' 327.69256599999994ms
[NX v21.4.0 Daemon Server] - 2025-08-20T22:08:32.554Z - Time taken for 'Load Nx Plugin: @nx/js/typescript' 351.45444800000007ms
[NX v21.4.0 Daemon Server] - 2025-08-20T22:08:32.557Z - Time taken for 'Load Nx Plugin: @nx/jest/plugin' 353.84796099999994ms
[NX v21.4.0 Daemon Server] - 2025-08-20T22:08:32.568Z - [REQUEST]: Updated workspace context based on watched changes, recomputing project graph...
[NX v21.4.0 Daemon Server] - 2025-08-20T22:08:32.568Z - [REQUEST]: 
[NX v21.4.0 Daemon Server] - 2025-08-20T22:08:32.568Z - [REQUEST]: 
[NX v21.4.0 Daemon Server] - 2025-08-20T22:08:32.587Z - No files changed, but no in-memory cached project graph found. Recomputing it...
Time for '@nx/js/typescript:createNodes' 2.3253310000000056
[NX v21.4.0 Daemon Server] - 2025-08-20T22:08:32.601Z - Time taken for 'loadSpecifiedNxPlugins' 365.50410899999997ms
Time for 'nx/core/project-json:createNodes' 0.23870899999997164
Time for 'nx/js/dependencies-and-lockfile:createNodes' 0.4986319999999864
[NX v21.4.0 Daemon Server] - 2025-08-20T22:08:32.605Z - Established a connection. Number of open connections: 2
[NX v21.4.0 Daemon Server] - 2025-08-20T22:08:32.605Z - Established a connection. Number of open connections: 3
[NX v21.4.0 Daemon Server] - 2025-08-20T22:08:32.606Z - Closed a connection. Number of open connections: 2
[NX v21.4.0 Daemon Server] - 2025-08-20T22:08:32.611Z - [REQUEST]: Responding to the client. handleGlob
[NX v21.4.0 Daemon Server] - 2025-08-20T22:08:32.612Z - Done responding to the client handleGlob
[NX v21.4.0 Daemon Server] - 2025-08-20T22:08:32.612Z - Handled GLOB. Handling time: 3. Response time: 1.
[NX v21.4.0 Daemon Server] - 2025-08-20T22:08:32.612Z - Established a connection. Number of open connections: 3
Time for 'total for sendMessageToDaemon()' 7.091288999999961
Time for 'deserialize daemon response' 0.1793119999999817
Time for 'nx/core/package-json:createNodes' 13.394182999999998
[NX v21.4.0 Daemon Server] - 2025-08-20T22:08:32.631Z - [REQUEST]: Responding to the client. handleHashMultiGlob
[NX v21.4.0 Daemon Server] - 2025-08-20T22:08:32.631Z - Done responding to the client handleHashMultiGlob
[NX v21.4.0 Daemon Server] - 2025-08-20T22:08:32.631Z - Handled HASH_GLOB. Handling time: 14. Response time: 0.
[NX v21.4.0 Daemon Server] - 2025-08-20T22:08:32.631Z - Established a connection. Number of open connections: 4
[NX v21.4.0 Daemon Server] - 2025-08-20T22:08:32.632Z - Closed a connection. Number of open connections: 3
[NX v21.4.0 Daemon Server] - 2025-08-20T22:08:32.639Z - [REQUEST]: Responding to the client. handleHashMultiGlob
[NX v21.4.0 Daemon Server] - 2025-08-20T22:08:32.639Z - Done responding to the client handleHashMultiGlob
[NX v21.4.0 Daemon Server] - 2025-08-20T22:08:32.640Z - Handled HASH_GLOB. Handling time: 7. Response time: 1.
Time for 'total for sendMessageToDaemon()' 18.109217
Time for 'deserialize daemon response' 0.040845999999987725
Time for '@nx/js/typescript:createNodes' 272.5404510000001
Time for '@nx/jest/plugin:createNodes' 570.616023
Time for 'total for sendMessageToDaemon()' 26.274849000000017
Time for 'deserialize daemon response' 0.23880300000001853
(node:27507) [DEP0180] DeprecationWarning: fs.Stats constructor is deprecated.
(Use `node --trace-deprecation ...` to show where the warning was created)
Time for '@nx/eslint/plugin:createNodes' 1105.419355
[NX v21.4.0 Daemon Server] - 2025-08-20T22:08:33.729Z - Time taken for 'build-project-configs' 1124.487521ms
[NX v21.4.0 Daemon Server] - 2025-08-20T22:08:33.730Z - Time taken for '@nx/js/typescript:createDependencies' 1.2906749999999647ms
[NX v21.4.0 Daemon Server] - 2025-08-20T22:08:33.731Z - Time taken for '@nx/js/typescript:createDependencies' 1.8916540000000168ms
Time for 'build typescript dependencies' 240.5095490000001
[NX v21.4.0 Daemon Server] - 2025-08-20T22:08:33.974Z - Wrote project graph cache to /home/kevin/software/srcds-websocket-workspace/.nx/workspace-data/project-graph.json
[NX v21.4.0 Daemon Server] - 2025-08-20T22:08:33.974Z - [SYNC]: collect registered sync generators
[NX v21.4.0 Daemon Server] - 2025-08-20T22:08:33.975Z - [SYNC]: scheduling: ["@nx/js:typescript-sync"]
[NX v21.4.0 Daemon Server] - 2025-08-20T22:08:33.975Z - [REQUEST]: Responding to the client. project-graph
[NX v21.4.0 Daemon Server] - 2025-08-20T22:08:33.975Z - Done responding to the client project-graph
[NX v21.4.0 Daemon Server] - 2025-08-20T22:08:33.975Z - Handled REQUEST_PROJECT_GRAPH. Handling time: 1774. Response time: 0.
[NX v21.4.0 Daemon Server] - 2025-08-20T22:08:33.975Z - Time taken for 'total for creating and serializing project graph' 1773.889204ms
[NX v21.4.0 Daemon Server] - 2025-08-20T22:08:33.979Z - Closed a connection. Number of open connections: 2
[NX v21.4.0 Daemon Server] - 2025-08-20T22:08:34.076Z - [SYNC]: running scheduled generator @nx/js:typescript-sync
[NX v21.4.0 Daemon Server] - 2025-08-20T22:08:34.328Z - Established a connection. Number of open connections: 3
[NX v21.4.0 Daemon Server] - 2025-08-20T22:08:34.330Z - Established a connection. Number of open connections: 4
[NX v21.4.0 Daemon Server] - 2025-08-20T22:08:34.331Z - Closed a connection. Number of open connections: 3
[NX v21.4.0 Daemon Server] - 2025-08-20T22:08:34.332Z - [REQUEST]: Client Request for Project Graph Received
[NX v21.4.0 Daemon Server] - 2025-08-20T22:08:34.332Z - Reusing in-memory cached project graph because no files changed.
[NX v21.4.0 Daemon Server] - 2025-08-20T22:08:34.332Z - [REQUEST]: Responding to the client. project-graph
[NX v21.4.0 Daemon Server] - 2025-08-20T22:08:34.333Z - Done responding to the client project-graph
[NX v21.4.0 Daemon Server] - 2025-08-20T22:08:34.333Z - Handled REQUEST_PROJECT_GRAPH. Handling time: 0. Response time: 1.
[NX v21.4.0 Daemon Server] - 2025-08-20T22:08:34.333Z - Time taken for 'total for creating and serializing project graph' 0.46841700000004494ms
[NX v21.4.0 Daemon Server] - 2025-08-20T22:08:34.336Z - [SYNC]: @nx/js:typescript-sync changes: 
[NX v21.4.0 Daemon Server] - 2025-08-20T22:08:34.336Z - Time taken for 'run-sync-generator:@nx/js:typescript-sync' 259.80001600000014ms
[NX v21.4.0 Daemon Server] - 2025-08-20T22:08:43.890Z - Established a connection. Number of open connections: 4
[NX v21.4.0 Daemon Server] - 2025-08-20T22:08:43.891Z - Closed a connection. Number of open connections: 3
[NX v21.4.0 Daemon Server] - 2025-08-20T22:08:43.891Z - Established a connection. Number of open connections: 4
[NX v21.4.0 Daemon Server] - 2025-08-20T22:08:43.893Z - [REQUEST]: Client Request for Project Graph Received
[NX v21.4.0 Daemon Server] - 2025-08-20T22:08:43.893Z - Reusing in-memory cached project graph because no files changed.
[NX v21.4.0 Daemon Server] - 2025-08-20T22:08:43.893Z - [REQUEST]: Responding to the client. project-graph
[NX v21.4.0 Daemon Server] - 2025-08-20T22:08:43.893Z - Done responding to the client project-graph
[NX v21.4.0 Daemon Server] - 2025-08-20T22:08:43.893Z - Handled REQUEST_PROJECT_GRAPH. Handling time: 0. Response time: 0.
[NX v21.4.0 Daemon Server] - 2025-08-20T22:08:43.894Z - Time taken for 'total for creating and serializing project graph' 0.5243880000016361ms
[NX v21.4.0 Daemon Server] - 2025-08-20T22:08:43.908Z - Closed a connection. Number of open connections: 3
[NX v21.4.0 Daemon Server] - 2025-08-20T22:08:51.102Z - Established a connection. Number of open connections: 4
[NX v21.4.0 Daemon Server] - 2025-08-20T22:08:51.102Z - Closed a connection. Number of open connections: 3
[NX v21.4.0 Daemon Server] - 2025-08-20T22:08:51.103Z - Established a connection. Number of open connections: 4
[NX v21.4.0 Daemon Server] - 2025-08-20T22:08:51.105Z - [REQUEST]: Client Request for Project Graph Received
[NX v21.4.0 Daemon Server] - 2025-08-20T22:08:51.106Z - Reusing in-memory cached project graph because no files changed.
[NX v21.4.0 Daemon Server] - 2025-08-20T22:08:51.106Z - [REQUEST]: Responding to the client. project-graph
[NX v21.4.0 Daemon Server] - 2025-08-20T22:08:51.106Z - Done responding to the client project-graph
[NX v21.4.0 Daemon Server] - 2025-08-20T22:08:51.106Z - Handled REQUEST_PROJECT_GRAPH. Handling time: 1. Response time: 0.
[NX v21.4.0 Daemon Server] - 2025-08-20T22:08:51.106Z - Time taken for 'total for creating and serializing project graph' 0.8391719999999623ms
[NX v21.4.0 Daemon Server] - 2025-08-20T22:08:51.115Z - [REQUEST]: Responding to the client. handleRunPreTasksExecution
[NX v21.4.0 Daemon Server] - 2025-08-20T22:08:51.115Z - Done responding to the client handleRunPreTasksExecution
[NX v21.4.0 Daemon Server] - 2025-08-20T22:08:51.115Z - Handled PRE_TASKS_EXECUTION. Handling time: 1. Response time: 0.
[NX v21.4.0 Daemon Server] - 2025-08-20T22:08:51.116Z - Time taken for 'preTasksExecution' 0.3374370000019553ms
[NX v21.4.0 Daemon Server] - 2025-08-20T22:08:51.173Z - Reusing in-memory cached project graph because no files changed.
DEBUG nx::native::tasks::task_hasher: plan length: 2
DEBUG nx::native::tasks::hashers::hash_workspace_files: Hashing workspace fileset{cache_key="nx.json,.gitignore,.nxignore"}: Adding "10987594754573603696" (".gitignore") to hash
DEBUG nx::native::tasks::hashers::hash_workspace_files: Hashing workspace fileset{cache_key="nx.json,.gitignore,.nxignore"}: Adding "365161404030073447" ("nx.json") to hash
DEBUG nx::native::tasks::hashers::hash_workspace_files: Hashing workspace fileset{cache_key="nx.json,.gitignore,.nxignore"}: Hash Value: "8927326388249232116"
DEBUG nx::native::tasks::hashers::hash_workspace_files: Hashing workspace fileset{cache_key="nx.json,.gitignore,.nxignore"}: Adding "10987594754573603696" (".gitignore") to hash
DEBUG nx::native::tasks::hashers::hash_workspace_files: Hashing workspace fileset{cache_key="nx.json,.gitignore,.nxignore"}: Adding "365161404030073447" ("nx.json") to hash
DEBUG nx::native::tasks::hashers::hash_workspace_files: Hashing workspace fileset{cache_key="nx.json,.gitignore,.nxignore"}: Hash Value: "8927326388249232116"
[NX v21.4.0 Daemon Server] - 2025-08-20T22:08:51.178Z - [REQUEST]: Responding to the client. handleHashTasks
[NX v21.4.0 Daemon Server] - 2025-08-20T22:08:51.178Z - Done responding to the client handleHashTasks
[NX v21.4.0 Daemon Server] - 2025-08-20T22:08:51.178Z - Handled HASH_TASKS. Handling time: 6. Response time: 0.
[NX v21.4.0 Daemon Server] - 2025-08-20T22:08:51.221Z - [REQUEST]: Responding to the client. handleGetEstimatedTaskTimings
[NX v21.4.0 Daemon Server] - 2025-08-20T22:08:51.221Z - Done responding to the client handleGetEstimatedTaskTimings
[NX v21.4.0 Daemon Server] - 2025-08-20T22:08:51.221Z - Handled GET_ESTIMATED_TASK_TIMINGS. Handling time: 2. Response time: 0.
[NX v21.4.0 Daemon Server] - 2025-08-20T22:08:52.506Z - [REQUEST]: Responding to the client. recordOutputsHash
[NX v21.4.0 Daemon Server] - 2025-08-20T22:08:52.507Z - Done responding to the client recordOutputsHash
[NX v21.4.0 Daemon Server] - 2025-08-20T22:08:52.507Z - Handled RECORD_OUTPUTS_HASH. Handling time: 7. Response time: 1.
[NX v21.4.0 Daemon Server] - 2025-08-20T22:08:52.508Z - [WATCHER]: 6 file(s) created or restored, 0 file(s) modified, 0 file(s) deleted
[NX v21.4.0 Daemon Server] - 2025-08-20T22:08:52.508Z - [WATCHER]: Processing file changes in outputs
[NX v21.4.0 Daemon Server] - 2025-08-20T22:08:52.611Z - [REQUEST]: Updated workspace context based on watched changes, recomputing project graph...
[NX v21.4.0 Daemon Server] - 2025-08-20T22:08:52.611Z - [REQUEST]: tmp/@srcds-socket/app/main-with-require-overrides.js,app/dist/app/src/main.js,app/dist/app/src/main.d.ts.map,app/dist/tsconfig.app.tsbuildinfo,app/dist/main.js,app/dist/app/src/main.d.ts
[NX v21.4.0 Daemon Server] - 2025-08-20T22:08:52.611Z - [REQUEST]: 
Time for '@nx/js/typescript:createNodes' 2.2318820000000414
Time for 'nx/js/dependencies-and-lockfile:createNodes' 0.21570000000065193
Time for 'nx/core/project-json:createNodes' 0.2446990000025835
Time for 'nx/core/package-json:createNodes' 3.052887000001647
Time for '@nx/js/typescript:createNodes' 13.02000400000179
[NX v21.4.0 Daemon Server] - 2025-08-20T22:08:52.651Z - [REQUEST]: Responding to the client. handleGlob
[NX v21.4.0 Daemon Server] - 2025-08-20T22:08:52.651Z - Done responding to the client handleGlob
[NX v21.4.0 Daemon Server] - 2025-08-20T22:08:52.651Z - Handled GLOB. Handling time: 5. Response time: 0.
[NX v21.4.0 Daemon Server] - 2025-08-20T22:08:52.651Z - Time taken for 'hash changed files from watcher' 1.9642490000005637ms
Time for 'total for sendMessageToDaemon()' 8.964733000000706
Time for 'deserialize daemon response' 0.04018699999869568
[NX v21.4.0 Daemon Server] - 2025-08-20T22:08:52.659Z - [REQUEST]: Responding to the client. handleHashMultiGlob
[NX v21.4.0 Daemon Server] - 2025-08-20T22:08:52.659Z - Done responding to the client handleHashMultiGlob
[NX v21.4.0 Daemon Server] - 2025-08-20T22:08:52.659Z - Handled HASH_GLOB. Handling time: 7. Response time: 0.
Time for '@nx/jest/plugin:createNodes' 19.468417000000045
Time for 'total for sendMessageToDaemon()' 13.08916699999827
Time for 'deserialize daemon response' 0.04391199999736273
[NX v21.4.0 Daemon Server] - 2025-08-20T22:08:52.674Z - [REQUEST]: Responding to the client. handleHashMultiGlob
[NX v21.4.0 Daemon Server] - 2025-08-20T22:08:52.674Z - Done responding to the client handleHashMultiGlob
[NX v21.4.0 Daemon Server] - 2025-08-20T22:08:52.674Z - Handled HASH_GLOB. Handling time: 14. Response time: 0.
Time for 'total for sendMessageToDaemon()' 22.296407999998337
Time for 'deserialize daemon response' 0.030998999998701038
Time for '@nx/eslint/plugin:createNodes' 128.65788500000053
[NX v21.4.0 Daemon Server] - 2025-08-20T22:08:52.775Z - Time taken for 'build-project-configs' 137.16815100000167ms
[NX v21.4.0 Daemon Server] - 2025-08-20T22:08:52.776Z - Time taken for '@nx/js/typescript:createDependencies' 1.719150000000809ms
[NX v21.4.0 Daemon Server] - 2025-08-20T22:08:52.778Z - Time taken for '@nx/js/typescript:createDependencies' 2.5831099999995786ms
Time for 'build typescript dependencies' 2.241294999999809
[NX v21.4.0 Daemon Server] - 2025-08-20T22:08:52.782Z - Wrote project graph cache to /home/kevin/software/srcds-websocket-workspace/.nx/workspace-data/project-graph.json
[NX v21.4.0 Daemon Server] - 2025-08-20T22:08:52.782Z - [SYNC]: collect registered sync generators
[NX v21.4.0 Daemon Server] - 2025-08-20T22:08:52.783Z - [SYNC]: project graph hash is the same, not collecting task sync generators
[NX v21.4.0 Daemon Server] - 2025-08-20T22:08:52.783Z - [SYNC]: nx.json hash is the same, not collecting global sync generators
[NX v21.4.0 Daemon Server] - 2025-08-20T22:08:52.783Z - [SYNC]: scheduling: ["@nx/js:typescript-sync"]
[NX v21.4.0 Daemon Server] - 2025-08-20T22:08:52.783Z - Time taken for 'total execution time for createProjectGraph()' 6.3815859999995155ms
[NX v21.4.0 Daemon Server] - 2025-08-20T22:08:52.983Z - [SYNC]: running scheduled generator @nx/js:typescript-sync
[NX v21.4.0 Daemon Server] - 2025-08-20T22:08:52.985Z - [REQUEST]: Client Request for Project Graph Received
[NX v21.4.0 Daemon Server] - 2025-08-20T22:08:52.986Z - Reusing in-memory cached project graph because no files changed.
[NX v21.4.0 Daemon Server] - 2025-08-20T22:08:52.986Z - [REQUEST]: Responding to the client. project-graph
[NX v21.4.0 Daemon Server] - 2025-08-20T22:08:52.986Z - Done responding to the client project-graph
[NX v21.4.0 Daemon Server] - 2025-08-20T22:08:52.986Z - Handled REQUEST_PROJECT_GRAPH. Handling time: 1. Response time: 0.
[NX v21.4.0 Daemon Server] - 2025-08-20T22:08:52.986Z - Time taken for 'total for creating and serializing project graph' 0.8902119999984279ms
[NX v21.4.0 Daemon Server] - 2025-08-20T22:08:52.988Z - [SYNC]: @nx/js:typescript-sync changes: 
[NX v21.4.0 Daemon Server] - 2025-08-20T22:08:52.989Z - Time taken for 'run-sync-generator:@nx/js:typescript-sync' 5.365677000001597ms
[NX v21.4.0 Daemon Server] - 2025-08-20T22:08:53.143Z - Established a connection. Number of open connections: 5
[NX v21.4.0 Daemon Server] - 2025-08-20T22:08:53.145Z - Closed a connection. Number of open connections: 4
[NX v21.4.0 Daemon Server] - 2025-08-20T22:08:53.145Z - Established a connection. Number of open connections: 5
[NX v21.4.0 Daemon Server] - 2025-08-20T22:08:53.147Z - [REQUEST]: Client Request for Project Graph Received
[NX v21.4.0 Daemon Server] - 2025-08-20T22:08:53.147Z - Reusing in-memory cached project graph because no files changed.
[NX v21.4.0 Daemon Server] - 2025-08-20T22:08:53.147Z - [REQUEST]: Responding to the client. project-graph
[NX v21.4.0 Daemon Server] - 2025-08-20T22:08:53.148Z - Done responding to the client project-graph
[NX v21.4.0 Daemon Server] - 2025-08-20T22:08:53.148Z - Handled REQUEST_PROJECT_GRAPH. Handling time: 0. Response time: 1.
[NX v21.4.0 Daemon Server] - 2025-08-20T22:08:53.148Z - Time taken for 'total for creating and serializing project graph' 0.5625419999996666ms
[NX v21.4.0 Daemon Server] - 2025-08-20T22:08:53.149Z - Established a connection. Number of open connections: 6
[NX v21.4.0 Daemon Server] - 2025-08-20T22:08:53.192Z - [WATCHER]: 4 file(s) created or restored, 1 file(s) modified, 3 file(s) deleted
[NX v21.4.0 Daemon Server] - 2025-08-20T22:08:53.193Z - [REQUEST]: Responding to the client. File watch changed
[NX v21.4.0 Daemon Server] - 2025-08-20T22:08:53.193Z - Done responding to the client File watch changed
[NX v21.4.0 Daemon Server] - 2025-08-20T22:08:53.193Z - Handled FILE-WATCH-CHANGED. Handling time: 0. Response time: 0.
[NX v21.4.0 Daemon Server] - 2025-08-20T22:08:53.193Z - [WATCHER]: Processing file changes in outputs
[NX v21.4.0 Daemon Server] - 2025-08-20T22:08:53.194Z - Time taken for 'changed-projects' 0.11303899999984424ms
[NX v21.4.0 Daemon Server] - 2025-08-20T22:08:53.294Z - [REQUEST]: Updated workspace context based on watched changes, recomputing project graph...
[NX v21.4.0 Daemon Server] - 2025-08-20T22:08:53.295Z - [REQUEST]: app/dist/app/src/main.js.map,app/dist/main.js,app/dist/main.js.map,app/dist/app/src/main.js,tmp/@srcds-socket/app/main-with-require-overrides.js
[NX v21.4.0 Daemon Server] - 2025-08-20T22:08:53.295Z - [REQUEST]: app/dist/app/src/main.d.ts.map,app/dist/tsconfig.app.tsbuildinfo,app/dist/app/src/main.d.ts
Time for '@nx/js/typescript:createNodes' 2.538627000001725
Time for '@nx/js/typescript:createNodes' 5.847797999998875
Time for 'nx/js/dependencies-and-lockfile:createNodes' 0.31347400000231573
Time for 'nx/core/project-json:createNodes' 1.3247760000012931
Time for 'nx/core/package-json:createNodes' 4.906522999997833
[NX v21.4.0 Daemon Server] - 2025-08-20T22:08:53.334Z - [REQUEST]: Responding to the client. handleGlob
[NX v21.4.0 Daemon Server] - 2025-08-20T22:08:53.335Z - Done responding to the client handleGlob
[NX v21.4.0 Daemon Server] - 2025-08-20T22:08:53.335Z - Handled GLOB. Handling time: 3. Response time: 1.
[NX v21.4.0 Daemon Server] - 2025-08-20T22:08:53.335Z - Time taken for 'hash changed files from watcher' 1.3992690000013681ms
Time for 'total for sendMessageToDaemon()' 6.633573000002798
Time for 'deserialize daemon response' 0.048250000003463356
[NX v21.4.0 Daemon Server] - 2025-08-20T22:08:53.343Z - [REQUEST]: Responding to the client. handleHashMultiGlob
[NX v21.4.0 Daemon Server] - 2025-08-20T22:08:53.343Z - Done responding to the client handleHashMultiGlob
[NX v21.4.0 Daemon Server] - 2025-08-20T22:08:53.344Z - Handled HASH_GLOB. Handling time: 7. Response time: 1.
Time for '@nx/jest/plugin:createNodes' 17.073827000000165
Time for 'total for sendMessageToDaemon()' 13.466844999999012
Time for 'deserialize daemon response' 0.03653599999961443
[NX v21.4.0 Daemon Server] - 2025-08-20T22:08:53.357Z - [REQUEST]: Responding to the client. handleHashMultiGlob
[NX v21.4.0 Daemon Server] - 2025-08-20T22:08:53.358Z - Done responding to the client handleHashMultiGlob
[NX v21.4.0 Daemon Server] - 2025-08-20T22:08:53.358Z - Handled HASH_GLOB. Handling time: 13. Response time: 1.
Time for 'total for sendMessageToDaemon()' 22.238853000002564
Time for 'deserialize daemon response' 0.04160700000284123
Time for '@nx/eslint/plugin:createNodes' 101.82790099999693
[NX v21.4.0 Daemon Server] - 2025-08-20T22:08:53.433Z - Time taken for 'build-project-configs' 112.07834900000307ms
[NX v21.4.0 Daemon Server] - 2025-08-20T22:08:53.434Z - Time taken for '@nx/js/typescript:createDependencies' 1.0943869999973685ms
[NX v21.4.0 Daemon Server] - 2025-08-20T22:08:53.434Z - Time taken for '@nx/js/typescript:createDependencies' 1.4226459999990766ms
Time for 'build typescript dependencies' 1.2571699999971315
[NX v21.4.0 Daemon Server] - 2025-08-20T22:08:53.439Z - Wrote project graph cache to /home/kevin/software/srcds-websocket-workspace/.nx/workspace-data/project-graph.json
[NX v21.4.0 Daemon Server] - 2025-08-20T22:08:53.439Z - [SYNC]: collect registered sync generators
[NX v21.4.0 Daemon Server] - 2025-08-20T22:08:53.440Z - [SYNC]: project graph hash is the same, not collecting task sync generators
[NX v21.4.0 Daemon Server] - 2025-08-20T22:08:53.440Z - [SYNC]: nx.json hash is the same, not collecting global sync generators
[NX v21.4.0 Daemon Server] - 2025-08-20T22:08:53.441Z - [SYNC]: scheduling: ["@nx/js:typescript-sync"]
[NX v21.4.0 Daemon Server] - 2025-08-20T22:08:53.441Z - [REQUEST]: Responding to the client. File watch changed
[NX v21.4.0 Daemon Server] - 2025-08-20T22:08:53.442Z - Done responding to the client File watch changed
[NX v21.4.0 Daemon Server] - 2025-08-20T22:08:53.442Z - Handled FILE-WATCH-CHANGED. Handling time: 0. Response time: 1.
[NX v21.4.0 Daemon Server] - 2025-08-20T22:08:53.442Z - Time taken for 'total execution time for createProjectGraph()' 4.874793999999383ms
[NX v21.4.0 Daemon Server] - 2025-08-20T22:08:53.841Z - [SYNC]: running scheduled generator @nx/js:typescript-sync
[NX v21.4.0 Daemon Server] - 2025-08-20T22:08:53.843Z - [REQUEST]: Client Request for Project Graph Received
[NX v21.4.0 Daemon Server] - 2025-08-20T22:08:53.843Z - Reusing in-memory cached project graph because no files changed.
[NX v21.4.0 Daemon Server] - 2025-08-20T22:08:53.843Z - [REQUEST]: Responding to the client. project-graph
[NX v21.4.0 Daemon Server] - 2025-08-20T22:08:53.843Z - Done responding to the client project-graph
[NX v21.4.0 Daemon Server] - 2025-08-20T22:08:53.843Z - Handled REQUEST_PROJECT_GRAPH. Handling time: 0. Response time: 0.
[NX v21.4.0 Daemon Server] - 2025-08-20T22:08:53.844Z - Time taken for 'total for creating and serializing project graph' 0.4957890000005136ms
[NX v21.4.0 Daemon Server] - 2025-08-20T22:08:53.845Z - [SYNC]: @nx/js:typescript-sync changes: 
[NX v21.4.0 Daemon Server] - 2025-08-20T22:08:53.845Z - Time taken for 'run-sync-generator:@nx/js:typescript-sync' 3.750618999998551ms
[NX v21.4.0 Daemon Server] - 2025-08-20T22:08:53.865Z - [WATCHER]: 2 file(s) created or restored, 0 file(s) modified, 0 file(s) deleted
[NX v21.4.0 Daemon Server] - 2025-08-20T22:08:53.866Z - [WATCHER]: Processing file changes in outputs
[NX v21.4.0 Daemon Server] - 2025-08-20T22:08:53.967Z - [REQUEST]: Updated workspace context based on watched changes, recomputing project graph...
[NX v21.4.0 Daemon Server] - 2025-08-20T22:08:53.967Z - [REQUEST]: app/dist/app/src/main.d.ts,app/dist/app/src/main.d.ts.map
[NX v21.4.0 Daemon Server] - 2025-08-20T22:08:53.967Z - [REQUEST]: 
Time for '@nx/js/typescript:createNodes' 1.731208000001061
Time for 'nx/js/dependencies-and-lockfile:createNodes' 0.10822899999766378
Time for 'nx/core/project-json:createNodes' 0.36746800000037183
Time for 'nx/core/package-json:createNodes' 2.7391630000020086
Time for '@nx/js/typescript:createNodes' 8.515031999999337
[NX v21.4.0 Daemon Server] - 2025-08-20T22:08:54.000Z - [REQUEST]: Responding to the client. handleGlob
[NX v21.4.0 Daemon Server] - 2025-08-20T22:08:54.001Z - Done responding to the client handleGlob
[NX v21.4.0 Daemon Server] - 2025-08-20T22:08:54.001Z - Handled GLOB. Handling time: 4. Response time: 1.
[NX v21.4.0 Daemon Server] - 2025-08-20T22:08:54.001Z - Time taken for 'hash changed files from watcher' 0.5283970000018599ms
Time for 'total for sendMessageToDaemon()' 8.148635000001377
Time for 'deserialize daemon response' 0.04203300000153831
[NX v21.4.0 Daemon Server] - 2025-08-20T22:08:54.007Z - [REQUEST]: Responding to the client. handleHashMultiGlob
[NX v21.4.0 Daemon Server] - 2025-08-20T22:08:54.008Z - Done responding to the client handleHashMultiGlob
[NX v21.4.0 Daemon Server] - 2025-08-20T22:08:54.008Z - Handled HASH_GLOB. Handling time: 5. Response time: 1.
Time for '@nx/jest/plugin:createNodes' 15.277008000000933
Time for 'total for sendMessageToDaemon()' 11.497005000001081
Time for 'deserialize daemon response' 0.0490140000001702
[NX v21.4.0 Daemon Server] - 2025-08-20T22:08:54.020Z - [REQUEST]: Responding to the client. handleHashMultiGlob
[NX v21.4.0 Daemon Server] - 2025-08-20T22:08:54.021Z - Done responding to the client handleHashMultiGlob
[NX v21.4.0 Daemon Server] - 2025-08-20T22:08:54.021Z - Handled HASH_GLOB. Handling time: 11. Response time: 1.
Time for 'total for sendMessageToDaemon()' 19.829204000001482
Time for 'deserialize daemon response' 0.03627900000356021
Time for '@nx/eslint/plugin:createNodes' 84.39553899999737
[NX v21.4.0 Daemon Server] - 2025-08-20T22:08:54.080Z - Time taken for 'build-project-configs' 90.41454099999828ms
[NX v21.4.0 Daemon Server] - 2025-08-20T22:08:54.080Z - Time taken for '@nx/js/typescript:createDependencies' 0.9785090000004857ms
[NX v21.4.0 Daemon Server] - 2025-08-20T22:08:54.081Z - Time taken for '@nx/js/typescript:createDependencies' 1.610688000000664ms
Time for 'build typescript dependencies' 0.689607000000251
[NX v21.4.0 Daemon Server] - 2025-08-20T22:08:54.084Z - Wrote project graph cache to /home/kevin/software/srcds-websocket-workspace/.nx/workspace-data/project-graph.json
[NX v21.4.0 Daemon Server] - 2025-08-20T22:08:54.085Z - [SYNC]: collect registered sync generators
[NX v21.4.0 Daemon Server] - 2025-08-20T22:08:54.085Z - [SYNC]: project graph hash is the same, not collecting task sync generators
[NX v21.4.0 Daemon Server] - 2025-08-20T22:08:54.085Z - [SYNC]: nx.json hash is the same, not collecting global sync generators
[NX v21.4.0 Daemon Server] - 2025-08-20T22:08:54.086Z - [SYNC]: scheduling: ["@nx/js:typescript-sync"]
[NX v21.4.0 Daemon Server] - 2025-08-20T22:08:54.086Z - [REQUEST]: Responding to the client. File watch changed
[NX v21.4.0 Daemon Server] - 2025-08-20T22:08:54.087Z - Done responding to the client File watch changed
[NX v21.4.0 Daemon Server] - 2025-08-20T22:08:54.087Z - Handled FILE-WATCH-CHANGED. Handling time: 0. Response time: 1.
[NX v21.4.0 Daemon Server] - 2025-08-20T22:08:54.087Z - Time taken for 'total execution time for createProjectGraph()' 4.376871999997093ms
[NX v21.4.0 Daemon Server] - 2025-08-20T22:08:54.886Z - [SYNC]: running scheduled generator @nx/js:typescript-sync
[NX v21.4.0 Daemon Server] - 2025-08-20T22:08:54.888Z - [REQUEST]: Client Request for Project Graph Received
[NX v21.4.0 Daemon Server] - 2025-08-20T22:08:54.889Z - Reusing in-memory cached project graph because no files changed.
[NX v21.4.0 Daemon Server] - 2025-08-20T22:08:54.889Z - [REQUEST]: Responding to the client. project-graph
[NX v21.4.0 Daemon Server] - 2025-08-20T22:08:54.889Z - Done responding to the client project-graph
[NX v21.4.0 Daemon Server] - 2025-08-20T22:08:54.889Z - Handled REQUEST_PROJECT_GRAPH. Handling time: 1. Response time: 0.
[NX v21.4.0 Daemon Server] - 2025-08-20T22:08:54.889Z - Time taken for 'total for creating and serializing project graph' 0.7424119999996037ms
[NX v21.4.0 Daemon Server] - 2025-08-20T22:08:54.892Z - [SYNC]: @nx/js:typescript-sync changes: 
[NX v21.4.0 Daemon Server] - 2025-08-20T22:08:54.892Z - Time taken for 'run-sync-generator:@nx/js:typescript-sync' 5.501831000001403ms
[NX v21.4.0 Daemon Server] - 2025-08-20T22:09:01.622Z - Closed a connection. Number of open connections: 5
[NX v21.4.0 Daemon Server] - 2025-08-20T22:09:01.633Z - [REQUEST]: Responding to the client. handleRecordTaskRuns
[NX v21.4.0 Daemon Server] - 2025-08-20T22:09:01.633Z - Done responding to the client handleRecordTaskRuns
[NX v21.4.0 Daemon Server] - 2025-08-20T22:09:01.633Z - Handled RECORD_TASK_RUNS. Handling time: 6. Response time: 0.
[NX v21.4.0 Daemon Server] - 2025-08-20T22:09:01.636Z - [REQUEST]: Responding to the client. handleGetFlakyTasks
[NX v21.4.0 Daemon Server] - 2025-08-20T22:09:01.636Z - Done responding to the client handleGetFlakyTasks
[NX v21.4.0 Daemon Server] - 2025-08-20T22:09:01.636Z - Handled GET_FLAKY_TASKS. Handling time: 0. Response time: 0.
[NX v21.4.0 Daemon Server] - 2025-08-20T22:09:01.640Z - Closed a connection. Number of open connections: 4
[NX v21.4.0 Daemon Server] - 2025-08-20T22:09:02.101Z - [REQUEST]: Responding to the client. handleRunPostTasksExecution
[NX v21.4.0 Daemon Server] - 2025-08-20T22:09:02.101Z - Done responding to the client handleRunPostTasksExecution
[NX v21.4.0 Daemon Server] - 2025-08-20T22:09:02.101Z - Handled POST_TASKS_EXECUTION. Handling time: 1. Response time: 0.
[NX v21.4.0 Daemon Server] - 2025-08-20T22:09:02.101Z - Time taken for 'postTasksExecution' 0.21286400000099093ms
[NX v21.4.0 Daemon Server] - 2025-08-20T22:09:02.112Z - Closed a connection. Number of open connections: 3
[NX v21.4.0 Daemon Server] - 2025-08-20T22:09:23.744Z - [WATCHER]: app/.gitignore was created or restored
[NX v21.4.0 Daemon Server] - 2025-08-20T22:09:23.745Z - [WATCHER]: Processing file changes in outputs
[NX v21.4.0 Daemon Server] - 2025-08-20T22:09:23.745Z - Closed a connection. Number of open connections: 2
[NX v21.4.0 Daemon Server] - 2025-08-20T22:09:23.746Z - Closed a connection. Number of open connections: 1
[NX v21.4.0 Daemon Server] - 2025-08-20T22:09:23.746Z - Closed a connection. Number of open connections: 0
[NX v21.4.0 Daemon Server] - 2025-08-20T22:09:23.746Z - [WATCHER]: Stopping the watcher for /home/kevin/software/srcds-websocket-workspace (sources)
[NX v21.4.0 Daemon Server] - 2025-08-20T22:09:23.747Z - [WATCHER]: Stopping the watcher for /home/kevin/software/srcds-websocket-workspace (outputs)
[NX v21.4.0 Daemon Server] - 2025-08-20T22:09:23.764Z - Server stopped because: "Stopping the daemon the set of ignored files changed (native)"
